2026-05-03 23:39:03 +0000 [MT] Initial pipeline context: <IDEDistributionProcessingPipelineContext: 0xb087ecf00; archive(resolved)="<IDEArchive: 0xb0a1dc1c0>", distributionTask(resolved)="2", distributionDestination(resolved)="1", distributionMethod(resolved)="<IDEDistributionMethodiOSAppStoreDistribution: 0xb087376d0>", team(resolved)="<IDEProvisioningBasicTeam: 0xb0a3f71e0; teamID='JP4TN5PTS3', teamName='(null)'>">
	Chain (15, self inclusive):
	<IDEDistributionProcessingPipelineContext: 0xb087ecf00; archive = "<IDEArchive: 0xb0a1dc1c0>", distributionMethod="<IDEDistributionMethodiOSAppStoreDistribution: 0xb087376d0>", team="<IDEProvisioningBasicTeam: 0xb0a3f71e0; teamID='JP4TN5PTS3', teamName='(null)'>">
	<IDEDistributionProcessingPipelineContext: 0xb087ed800; archive = "<IDEArchive: 0xb0a1dc1c0>", distributionMethod="<IDEDistributionMethodiOSAppStoreDistribution: 0xb087376d0>", team="<IDEProvisioningBasicTeam: 0xb0a3f71e0; teamID='JP4TN5PTS3', teamName='(null)'>">
	<IDEDistributionContext: 0xb0989d400; archive = "<IDEArchive: 0xb0a1dc1c0>", distributionMethod="<IDEDistributionMethodiOSAppStoreDistribution: 0xb087376d0>", team="<IDEProvisioningBasicTeam: 0xb0a3f71e0; teamID='JP4TN5PTS3', teamName='(null)'>">
	<IDEDistributionContext: 0xb0989e800; archive = "<IDEArchive: 0xb0a1dc1c0>", distributionMethod="<IDEDistributionMethodiOSAppStoreDistribution: 0xb087376d0>", team="<IDEProvisioningBasicTeam: 0xb0a3f71e0; teamID='JP4TN5PTS3', teamName='(null)'>">
	<IDEDistributionContext: 0xb0989ea80; archive = "<IDEArchive: 0xb0a1dc1c0>", distributionMethod="<IDEDistributionMethodiOSAppStoreDistribution: 0xb087376d0>", team="<IDEProvisioningBasicTeam: 0xb0a3f71e0; teamID='JP4TN5PTS3', teamName='(null)'>">
	<IDEDistributionContext: 0xb0989ed00; archive = "<IDEArchive: 0xb0a1dc1c0>", distributionMethod="<IDEDistributionMethodiOSAppStoreDistribution: 0xb087376d0>", team="<IDEProvisioningBasicTeam: 0xb0a3f71e0; teamID='JP4TN5PTS3', teamName='(null)'>">
	<IDEDistributionContext: 0xb0989cc80; archive = "<IDEArchive: 0xb0a1dc1c0>", distributionMethod="<IDEDistributionMethodiOSAppStoreDistribution: 0xb087376d0>", team="<IDEProvisioningBasicTeam: 0xb0a3f71e0; teamID='JP4TN5PTS3', teamName='(null)'>">
	<IDEDistributionContext: 0xb0989ef80; archive = "<IDEArchive: 0xb0a1dc1c0>", distributionMethod="<IDEDistributionMethodiOSAppStoreDistribution: 0xb087376d0>", team="<IDEProvisioningBasicTeam: 0xb0a3f71e0; teamID='JP4TN5PTS3', teamName='(null)'>">
	<IDEDistributionContext: 0xb0989d900; archive = "<IDEArchive: 0xb0a1dc1c0>", distributionMethod="<IDEDistributionMethodiOSAppStoreDistribution: 0xb087376d0>", team="<IDEProvisioningBasicTeam: 0xb0a3f71e0; teamID='JP4TN5PTS3', teamName='(null)'>">
	<IDEDistributionContext: 0xb0989ca00; archive = "<IDEArchive: 0xb0a1dc1c0>", distributionMethod="<IDEDistributionMethodiOSAppStoreDistribution: 0xb087376d0>", team="<IDEProvisioningBasicTeam: 0xb0a3f71e0; teamID='JP4TN5PTS3', teamName='(null)'>">
	<IDEDistributionContext: 0xb0989c780; archive = "<IDEArchive: 0xb0a1dc1c0>", distributionMethod="<IDEDistributionMethodiOSAppStoreDistribution: 0xb087376d0>", team="<IDEProvisioningBasicTeam: 0xb0a3f71e0; teamID='JP4TN5PTS3', teamName='(null)'>">
	<IDEDistributionContext: 0xb0989c500; archive = "<IDEArchive: 0xb0a1dc1c0>", distributionMethod="<IDEDistributionMethodiOSAppStoreDistribution: 0xb087376d0>", team="<IDEProvisioningBasicTeam: 0xb0a3f71e0; teamID='JP4TN5PTS3', teamName='(null)'>">
	<IDEDistributionContext: 0xb0989c280; archive = "<IDEArchive: 0xb0a1dc1c0>", distributionMethod="<IDEDistributionMethodiOSAppStoreDistribution: 0xb087376d0>", team="(null)">
	<IDEDistributionContext: 0xb0989c000; archive = "<IDEArchive: 0xb0a1dc1c0>", distributionMethod="<IDEDistributionMethodiOSAppStoreDistribution: 0xb087376d0>", team="(null)">
	<IDEDistributionContext: 0x10275d7f0; archive = "<IDEArchive: 0xb0a1dc1c0>", distributionMethod="(null)", team="(null)">
</IDEDistributionProcessingPipelineContext: 0xb087ecf00>
2026-05-03 23:39:03 +0000 [MT] Processing step: IDEDistributionCreateDestRootStep
2026-05-03 23:39:03 +0000 [MT] Processing step: IDEDistributionCopyItemStep
2026-05-03 23:39:03 +0000 [MT] Running /usr/bin/ditto '-V' '/Volumes/ORICO-APFS/app/20260430/TrailPin/TrailPin.xcarchive/Products/Applications/TrailPin.app' '/var/folders/kv/_3_57zf93pb8mwxmypyt8qn00000gn/T/XcodeDistPipeline.~~~IKHdT0/Root/Payload/TrailPin.app'
2026-05-03 23:39:03 +0000  >>> Copying /Volumes/ORICO-APFS/app/20260430/TrailPin/TrailPin.xcarchive/Products/Applications/TrailPin.app 
2026-05-03 23:39:03 +0000  copying file ./_CodeSignature/CodeResources ... 
2026-05-03 23:39:03 +0000  2775 bytes for ./_CodeSignature/CodeResources
2026-05-03 23:39:03 +0000  copying file ./TrailPin ... 
2026-05-03 23:39:03 +0000  562320 bytes for ./TrailPin
2026-05-03 23:39:03 +0000  copying file ./AppIcon60x60@2x.png ... 
2026-05-03 23:39:03 +0000  14614 bytes for ./AppIcon60x60@2x.png
2026-05-03 23:39:03 +0000  copying file ./Assets.car ... 
2026-05-03 23:39:03 +0000  2913928 bytes for ./Assets.car
2026-05-03 23:39:03 +0000  copying file ./AppIcon76x76@2x~ipad.png ... 
2026-05-03 23:39:03 +0000  20786 bytes for ./AppIcon76x76@2x~ipad.png
2026-05-03 23:39:03 +0000  copying file ./embedded.mobileprovision ... 
2026-05-03 23:39:03 +0000  16271 bytes for ./embedded.mobileprovision
2026-05-03 23:39:03 +0000  copying file ./Info.plist ... 
2026-05-03 23:39:03 +0000  1431 bytes for ./Info.plist
2026-05-03 23:39:03 +0000  copying file ./PkgInfo ... 
2026-05-03 23:39:03 +0000  8 bytes for ./PkgInfo
2026-05-03 23:39:03 +0000 [MT] /usr/bin/ditto exited with 0
2026-05-03 23:39:03 +0000 [MT] Processing step: IDEDistributionEmbedProfileStep
2026-05-03 23:39:03 +0000 [MT] Processing step: IDEDistributionInfoPlistStep
2026-05-03 23:39:03 +0000 [MT] Skipping setting DTXcodeBuildDistribution because toolsBuildVersionName was nil.
2026-05-03 23:39:03 +0000 [MT] Processing step: IDEDistributionItemRemovalStep
2026-05-03 23:39:03 +0000 [MT] Processing step: IDEDistributionAppThinningPlistStep
2026-05-03 23:39:03 +0000 [MT] Skipping step: IDEDistributionAppThinningPlistStep because it said so
2026-05-03 23:39:03 +0000 [MT] Processing step: IDEDistributionSymbolsStep
2026-05-03 23:39:03 +0000 [MT] Writing /var/folders/kv/_3_57zf93pb8mwxmypyt8qn00000gn/T/XcodeDistPipeline.~~~IKHdT0/Symbols/B1F1871F-CFF8-3A08-BAB1-69AF88EE2C69.symbols
2026-05-03 23:39:03 +0000 [MT] Processing step: IDEDistributionCopyAppleProvidedContentStep
2026-05-03 23:39:03 +0000 [MT] Processing step: IDEDistributionAppThinningStep
2026-05-03 23:39:03 +0000 [MT] Skipping step: IDEDistributionAppThinningStep because it said so
2026-05-03 23:39:03 +0000 [MT] Processing step: IDEDistributionArchThinningStep
2026-05-03 23:39:03 +0000 [MT] Archs to thin for item /Volumes/ORICO-APFS/app/20260430/TrailPin/TrailPin.xcarchive/Products/Applications/TrailPin.app are []
2026-05-03 23:39:03 +0000 [MT] Processing step: IDEDistributionODRStep
2026-05-03 23:39:03 +0000 [MT] Processing step: IDEDistributionStripXattrsStep
2026-05-03 23:39:03 +0000 [MT] Skipping stripping extended attributes because the codesign step will strip them.
2026-05-03 23:39:03 +0000 [MT] Processing step: IDEDistributionCodesignStep
2026-05-03 23:39:03 +0000 [MT] Entitlements for <IDEDistributionItem: 0xb07827900; bundleID='com.zzoutuo.TrailPin', path='<DVTFilePath:0xb07825800:'/Volumes/ORICO-APFS/app/20260430/TrailPin/TrailPin.xcarchive/Products/Applications/TrailPin.app'>', codeSigningInfo='<_DVTCodeSigningInformation_Path: 0xb07827540; isSigned='1', isAdHocSigned='0', signingCertificate='<DVTSigningCertificate: 0xb08643cc0; name='Apple Development: he zhou (VX3Q75X27B)', hash='A61A869E539DEECA26A6131BF359BC93B00AF74B', serialNumber='6639290E1F7FBFF5EBBDB4CB9AA91C90', certificateKinds='(
    "1.2.840.113635.100.6.1.12",
    "1.2.840.113635.100.6.1.2"
), issueDate='2025-06-08 13:36:58 +0000''>', entitlements='{
    "application-identifier" = "JP4TN5PTS3.com.zzoutuo.TrailPin";
    "com.apple.developer.team-identifier" = JP4TN5PTS3;
    "get-task-allow" = 1;
}', teamID='JP4TN5PTS3', identifier='com.zzoutuo.TrailPin', executablePath='<DVTFilePath:0xb07826820:'/Volumes/ORICO-APFS/app/20260430/TrailPin/TrailPin.xcarchive/Products/Applications/TrailPin.app/TrailPin'>', hardenedRuntime='0'>'>: {
    "application-identifier" = "JP4TN5PTS3.com.zzoutuo.TrailPin";
    "beta-reports-active" = 1;
    "com.apple.developer.team-identifier" = JP4TN5PTS3;
    "get-task-allow" = 0;
}
2026-05-03 23:39:03 +0000 [MT] Associated App Clip Identifiers Filter: Skipping because "com.apple.developer.associated-appclip-app-identifiers" is not present
2026-05-03 23:39:03 +0000 [MT] Entitlements for <IDEDistributionItem: 0xb07827900; bundleID='com.zzoutuo.TrailPin', path='<DVTFilePath:0xb07825800:'/Volumes/ORICO-APFS/app/20260430/TrailPin/TrailPin.xcarchive/Products/Applications/TrailPin.app'>', codeSigningInfo='<_DVTCodeSigningInformation_Path: 0xb07827540; isSigned='1', isAdHocSigned='0', signingCertificate='<DVTSigningCertificate: 0xb08642f40; name='Apple Development: he zhou (VX3Q75X27B)', hash='A61A869E539DEECA26A6131BF359BC93B00AF74B', serialNumber='6639290E1F7FBFF5EBBDB4CB9AA91C90', certificateKinds='(
    "1.2.840.113635.100.6.1.12",
    "1.2.840.113635.100.6.1.2"
), issueDate='2025-06-08 13:36:58 +0000''>', entitlements='{
    "application-identifier" = "JP4TN5PTS3.com.zzoutuo.TrailPin";
    "com.apple.developer.team-identifier" = JP4TN5PTS3;
    "get-task-allow" = 1;
}', teamID='JP4TN5PTS3', identifier='com.zzoutuo.TrailPin', executablePath='<DVTFilePath:0xb07826820:'/Volumes/ORICO-APFS/app/20260430/TrailPin/TrailPin.xcarchive/Products/Applications/TrailPin.app/TrailPin'>', hardenedRuntime='0'>'> are: {
    "application-identifier" = "JP4TN5PTS3.com.zzoutuo.TrailPin";
    "beta-reports-active" = 1;
    "com.apple.developer.team-identifier" = JP4TN5PTS3;
    "get-task-allow" = 0;
}
2026-05-03 23:39:03 +0000 [MT] Writing entitlements for <IDEDistributionItem: 0xb07827900; bundleID='com.zzoutuo.TrailPin', path='<DVTFilePath:0xb07825800:'/Volumes/ORICO-APFS/app/20260430/TrailPin/TrailPin.xcarchive/Products/Applications/TrailPin.app'>', codeSigningInfo='<_DVTCodeSigningInformation_Path: 0xb07827540; isSigned='1', isAdHocSigned='0', signingCertificate='<DVTSigningCertificate: 0xb08642f40; name='Apple Development: he zhou (VX3Q75X27B)', hash='A61A869E539DEECA26A6131BF359BC93B00AF74B', serialNumber='6639290E1F7FBFF5EBBDB4CB9AA91C90', certificateKinds='(
    "1.2.840.113635.100.6.1.12",
    "1.2.840.113635.100.6.1.2"
), issueDate='2025-06-08 13:36:58 +0000''>', entitlements='{
    "application-identifier" = "JP4TN5PTS3.com.zzoutuo.TrailPin";
    "com.apple.developer.team-identifier" = JP4TN5PTS3;
    "get-task-allow" = 1;
}', teamID='JP4TN5PTS3', identifier='com.zzoutuo.TrailPin', executablePath='<DVTFilePath:0xb07826820:'/Volumes/ORICO-APFS/app/20260430/TrailPin/TrailPin.xcarchive/Products/Applications/TrailPin.app/TrailPin'>', hardenedRuntime='0'>'> to: /var/folders/kv/_3_57zf93pb8mwxmypyt8qn00000gn/T/XcodeDistPipeline.~~~IKHdT0/entitlements~~~yLk8XO
2026-05-03 23:39:03 +0000 [MT] invoking codesign: <NSConcreteTask: 0xb0a8eef80; launchPath='/usr/bin/codesign', arguments='(
    "-f",
    "-s",
    567702B784752FEBC017ACD59B2755A4E6DD9E68,
    "--entitlements",
    "/var/folders/kv/_3_57zf93pb8mwxmypyt8qn00000gn/T/XcodeDistPipeline.~~~IKHdT0/entitlements~~~yLk8XO",
    "--preserve-metadata=identifier,flags,runtime,launch-constraints,library-constraints",
    "--generate-entitlement-der",
    "--strip-disallowed-xattrs",
    "-vvv",
    "/var/folders/kv/_3_57zf93pb8mwxmypyt8qn00000gn/T/XcodeDistPipeline.~~~IKHdT0/Root/Payload/TrailPin.app"
)'>
2026-05-03 23:39:03 +0000 [MT] codesign output: /var/folders/kv/_3_57zf93pb8mwxmypyt8qn00000gn/T/XcodeDistPipeline.~~~IKHdT0/Root/Payload/TrailPin.app: replacing existing signature
/var/folders/kv/_3_57zf93pb8mwxmypyt8qn00000gn/T/XcodeDistPipeline.~~~IKHdT0/Root/Payload/TrailPin.app: signed app bundle with Mach-O thin (arm64) [com.zzoutuo.TrailPin]
2026-05-03 23:39:03 +0000 [MT] Processing step: IDEDistributionZipODRItemStep
2026-05-03 23:39:03 +0000 [MT] Skipping step: IDEDistributionZipODRItemStep because it said so
2026-05-03 23:39:03 +0000 [MT] Processing step: IDEDistributionCreateIPAStep
2026-05-03 23:39:03 +0000 [MT] Running /usr/bin/rsync '-8aPhhE' '/var/folders/kv/_3_57zf93pb8mwxmypyt8qn00000gn/T/XcodeDistPipeline.~~~IKHdT0/Symbols' '--link-dest' '/var/folders/kv/_3_57zf93pb8mwxmypyt8qn00000gn/T/XcodeDistPipeline.~~~IKHdT0' '/var/folders/kv/_3_57zf93pb8mwxmypyt8qn00000gn/T/XcodeDistPipeline.~~~IKHdT0/Root'
2026-05-03 23:39:03 +0000  Symbols/
._Symbols
            163 170%    4.21MB/s   00:00:00 (xfer#1, to-check=0/4)
2026-05-03 23:39:03 +0000  Symbols/B1F1871F-CFF8-3A08-BAB1-69AF88EE2C69.symbols
Symbols/._B1F1871F-CFF8-3A08-BAB1-69AF88EE2C69.symbols
            163   0%  357.80KB/s   00:00:00 (xfer#2, to-check=2/4)
2026-05-03 23:39:03 +0000 [MT] /usr/bin/rsync exited with 0
2026-05-03 23:39:03 +0000 [MT] Running /usr/bin/ditto '-V' '-c' '-k' '--norsrc' '/var/folders/kv/_3_57zf93pb8mwxmypyt8qn00000gn/T/XcodeDistPipeline.~~~IKHdT0/Root' '/var/folders/kv/_3_57zf93pb8mwxmypyt8qn00000gn/T/XcodeDistPipeline.~~~IKHdT0/Packages/TrailPin.ipa'
2026-05-03 23:39:03 +0000  >>> Copying /var/folders/kv/_3_57zf93pb8mwxmypyt8qn00000gn/T/XcodeDistPipeline.~~~IKHdT0/Root 
2026-05-03 23:39:03 +0000  copying file ./Payload/TrailPin.app/_CodeSignature/CodeResources ... 
2026-05-03 23:39:03 +0000  2775 bytes for ./Payload/TrailPin.app/_CodeSignature/CodeResources
2026-05-03 23:39:03 +0000  copying file ./Payload/TrailPin.app/TrailPin ... 
2026-05-03 23:39:03 +0000  562384 bytes for ./Payload/TrailPin.app/TrailPin
2026-05-03 23:39:03 +0000  copying file ./Payload/TrailPin.app/AppIcon60x60@2x.png ... 
2026-05-03 23:39:03 +0000  14614 bytes for ./Payload/TrailPin.app/AppIcon60x60@2x.png
2026-05-03 23:39:03 +0000  copying file ./Payload/TrailPin.app/Assets.car ... 
2026-05-03 23:39:03 +0000  2913928 bytes for ./Payload/TrailPin.app/Assets.car
2026-05-03 23:39:03 +0000  copying file ./Payload/TrailPin.app/AppIcon76x76@2x~ipad.png ... 
2026-05-03 23:39:03 +0000  20786 bytes for ./Payload/TrailPin.app/AppIcon76x76@2x~ipad.png
2026-05-03 23:39:03 +0000  copying file ./Payload/TrailPin.app/embedded.mobileprovision ... 
2026-05-03 23:39:03 +0000  18316 bytes for ./Payload/TrailPin.app/embedded.mobileprovision
2026-05-03 23:39:03 +0000  copying file ./Payload/TrailPin.app/Info.plist ... 
2026-05-03 23:39:03 +0000  1431 bytes for ./Payload/TrailPin.app/Info.plist
2026-05-03 23:39:03 +0000  copying file ./Payload/TrailPin.app/PkgInfo ... 
2026-05-03 23:39:03 +0000  8 bytes for ./Payload/TrailPin.app/PkgInfo
2026-05-03 23:39:03 +0000  copying file ./Symbols/B1F1871F-CFF8-3A08-BAB1-69AF88EE2C69.symbols ... 
2026-05-03 23:39:03 +0000  1258620 bytes for ./Symbols/B1F1871F-CFF8-3A08-BAB1-69AF88EE2C69.symbols
2026-05-03 23:39:03 +0000 [MT] /usr/bin/ditto exited with 0
2026-05-03 23:39:03 +0000 [MT] Processing step: IDEDistributionAppStoreInformationStep
2026-05-03 23:39:03 +0000 [MT] Skipping step: IDEDistributionAppStoreInformationStep because it said so
2026-05-03 23:39:03 +0000 [MT] Processing step: IDEDistributionGenerateProcessedDistributionItems
2026-05-03 23:39:03 +0000 [MT] IDEDistributionItem init <DVTFilePath:0xb07ac19e0:'/var/folders/kv/_3_57zf93pb8mwxmypyt8qn00000gn/T/XcodeDistPipeline.~~~IKHdT0/Root/Payload/TrailPin.app'>
2026-05-03 23:39:03 +0000 [MT] Processing step: IDEDistributionCreateManifestStep
2026-05-03 23:39:03 +0000 [MT] Skipping step: IDEDistributionCreateManifestStep because it said so
